<?xml version="1.0" encoding="utf-8"?><testsuites name="pytest tests"><testsuite name="pytest" errors="0" failures="0" skipped="0" tests="12" time="5.268" timestamp="2026-02-24T17:49:35.208769+00:00" hostname="agent-env-d5acd486-4435-4978-93e7-d6d8c7b743bf"><testcase classname="backend.tests.test_iteration6_tvguide.TestHealthCheck" name="test_health_returns_ok" time="0.339" /><testcase classname="backend.tests.test_iteration6_tvguide.TestFullEpgEndpoint" name="test_full_epg_returns_200" time="0.483" /><testcase classname="backend.tests.test_iteration6_tvguide.TestFullEpgEndpoint" name="test_full_epg_returns_dict_with_epg_listings" time="0.386" /><testcase classname="backend.tests.test_iteration6_tvguide.TestFullEpgEndpoint" name="test_full_epg_listings_have_timestamps" time="0.536" /><testcase classname="backend.tests.test_iteration6_tvguide.TestFullEpgEndpoint" name="test_full_epg_with_invalid_stream_id" time="0.429" /><testcase classname="backend.tests.test_iteration6_tvguide.TestFullEpgEndpoint" name="test_full_epg_without_credentials_returns_error" time="0.121" /><testcase classname="backend.tests.test_iteration6_tvguide.TestFullEpgEndpoint" name="test_full_epg_different_channel" time="0.265" /><testcase classname="backend.tests.test_iteration6_tvguide.TestEpgBatchEndpoint" name="test_batch_epg_returns_200" time="0.962" /><testcase classname="backend.tests.test_iteration6_tvguide.TestEpgBatchEndpoint" name="test_batch_epg_keyed_by_stream_id" time="0.511" /><testcase classname="backend.tests.test_iteration6_tvguide.TestLiveTVEndpoints" name="test_live_categories_returns_list" time="0.311" /><testcase classname="backend.tests.test_iteration6_tvguide.TestLiveTVEndpoints" name="test_live_streams_returns_list" time="0.643" /><testcase classname="backend.tests.test_iteration6_tvguide.TestLiveTVEndpoints" name="test_stream_url_for_live_channel" time="0.206" /></testsuite></testsuites>