<?xml version="1.0" encoding="utf-8"?><testsuites name="pytest tests"><testsuite name="pytest" errors="0" failures="0" skipped="0" tests="14" time="2.051" timestamp="2026-02-24T21:12:20.968991+00:00" hostname="agent-env-c0af7fc7-f0bc-4f8d-b621-d6bc4af6f30b"><testcase classname="backend.tests.test_iteration11_fullscreen_player.TestBackendAPIs" name="test_health_endpoint" time="0.185" /><testcase classname="backend.tests.test_iteration11_fullscreen_player.TestBackendAPIs" name="test_live_categories" time="0.310" /><testcase classname="backend.tests.test_iteration11_fullscreen_player.TestBackendAPIs" name="test_live_streams" time="0.669" /><testcase classname="backend.tests.test_iteration11_fullscreen_player.TestBackendAPIs" name="test_stream_url_resolution" time="0.281" /><testcase classname="backend.tests.test_iteration11_fullscreen_player.TestBackendAPIs" name="test_live_streams_with_category_filter" time="0.537" /><testcase classname="backend.tests.test_iteration11_fullscreen_player.TestStaticCodeVerification" name="test_live_tsx_has_fullscreen_state" time="0.000" /><testcase classname="backend.tests.test_iteration11_fullscreen_player.TestStaticCodeVerification" name="test_live_tsx_fullscreen_uses_same_player" time="0.000" /><testcase classname="backend.tests.test_iteration11_fullscreen_player.TestStaticCodeVerification" name="test_live_tsx_fullscreen_controls" time="0.000" /><testcase classname="backend.tests.test_iteration11_fullscreen_player.TestStaticCodeVerification" name="test_live_tsx_orientation_listener" time="0.000" /><testcase classname="backend.tests.test_iteration11_fullscreen_player.TestStaticCodeVerification" name="test_live_tsx_backhandler" time="0.000" /><testcase classname="backend.tests.test_iteration11_fullscreen_player.TestStaticCodeVerification" name="test_live_tsx_no_player_navigation" time="0.000" /><testcase classname="backend.tests.test_iteration11_fullscreen_player.TestStaticCodeVerification" name="test_player_tsx_multiview_pauses" time="0.000" /><testcase classname="backend.tests.test_iteration11_fullscreen_player.TestStaticCodeVerification" name="test_multiview_tsx_structure" time="0.000" /><testcase classname="backend.tests.test_iteration11_fullscreen_player.TestStaticCodeVerification" name="test_tabs_layout_portrait_lock" time="0.000" /></testsuite></testsuites>