<?xml version="1.0" encoding="utf-8"?><testsuites name="pytest tests"><testsuite name="pytest" errors="0" failures="0" skipped="0" tests="11" time="3.399" timestamp="2026-02-24T04:34:58.354427+00:00" hostname="agent-env-a0ec735a-b68c-4595-8599-531c4fadda4d"><testcase classname="tests.test_iteration4_tubi_player.TestHealthCheck" name="test_health_endpoint" time="0.350" /><testcase classname="tests.test_iteration4_tubi_player.TestStreamUrl" name="test_stream_url_live" time="0.332" /><testcase classname="tests.test_iteration4_tubi_player.TestStreamUrl" name="test_stream_url_movie" time="0.203" /><testcase classname="tests.test_iteration4_tubi_player.TestEpgEndpoints" name="test_get_epg_for_stream" time="0.230" /><testcase classname="tests.test_iteration4_tubi_player.TestLiveStreams" name="test_get_live_categories" time="0.287" /><testcase classname="tests.test_iteration4_tubi_player.TestLiveStreams" name="test_get_live_streams" time="0.641" /><testcase classname="tests.test_iteration4_tubi_player.TestLiveStreams" name="test_get_live_streams_by_category" time="0.433" /><testcase classname="tests.test_iteration4_tubi_player.TestWatchHistory" name="test_add_to_history" time="0.120" /><testcase classname="tests.test_iteration4_tubi_player.TestWatchHistory" name="test_get_history" time="0.145" /><testcase classname="tests.test_iteration4_tubi_player.TestRecentContent" name="test_recent_vod" time="0.368" /><testcase classname="tests.test_iteration4_tubi_player.TestRecentContent" name="test_recent_series" time="0.222" /></testsuite></testsuites>