<?xml version="1.0" encoding="utf-8"?><testsuites name="pytest tests"><testsuite name="pytest" errors="0" failures="3" skipped="0" tests="6" time="1.605" timestamp="2026-02-24T02:56:50.025572+00:00" hostname="agent-env-a0ec735a-b68c-4595-8599-531c4fadda4d"><testcase classname="tests.test_api_endpoints.TestHealthEndpoint" name="test_health_endpoint_returns_200" time="0.374" /><testcase classname="tests.test_api_endpoints.TestHealthEndpoint" name="test_health_endpoint_response_structure" time="0.127" /><testcase classname="tests.test_api_endpoints.TestAuthEndpoint" name="test_login_with_invalid_credentials_returns_401" time="0.336"><failure message="AssertionError: Expected 401 or 500, got 520&#10;assert 520 in [401, 500]&#10; +  where 520 = &lt;Response [520]&gt;.status_code">tests/test_api_endpoints.py:45: in test_login_with_invalid_credentials_returns_401
    assert response.status_code in [401, 500], f"Expected 401 or 500, got {response.status_code}"
E   AssertionError: Expected 401 or 500, got 520
E   assert 520 in [401, 500]
E    +  where 520 = &lt;Response [520]&gt;.status_code</failure></testcase><testcase classname="tests.test_api_endpoints.TestAuthEndpoint" name="test_login_with_empty_username_validation" time="0.302"><failure message="AssertionError: Expected error status, got 520&#10;assert 520 in [401, 422, 500]&#10; +  where 520 = &lt;Response [520]&gt;.status_code">tests/test_api_endpoints.py:56: in test_login_with_empty_username_validation
    assert response.status_code in [401, 422, 500], f"Expected error status, got {response.status_code}"
E   AssertionError: Expected error status, got 520
E   assert 520 in [401, 422, 500]
E    +  where 520 = &lt;Response [520]&gt;.status_code</failure></testcase><testcase classname="tests.test_api_endpoints.TestAuthEndpoint" name="test_login_with_empty_password_validation" time="0.271"><failure message="AssertionError: Expected error status, got 520&#10;assert 520 in [401, 422, 500]&#10; +  where 520 = &lt;Response [520]&gt;.status_code">tests/test_api_endpoints.py:66: in test_login_with_empty_password_validation
    assert response.status_code in [401, 422, 500], f"Expected error status, got {response.status_code}"
E   AssertionError: Expected error status, got 520
E   assert 520 in [401, 422, 500]
E    +  where 520 = &lt;Response [520]&gt;.status_code</failure></testcase><testcase classname="tests.test_api_endpoints.TestAuthEndpoint" name="test_login_with_missing_fields" time="0.117" /></testsuite></testsuites>