<?xml version="1.0" encoding="utf-8"?><testsuites name="pytest tests"><testsuite name="pytest" errors="0" failures="0" skipped="0" tests="6" time="5.002" timestamp="2026-02-24T03:52:56.525573+00:00" hostname="agent-env-a0ec735a-b68c-4595-8599-531c4fadda4d"><testcase classname="backend.tests.test_iteration3_player.TestStreamUrlEndpoint" name="test_stream_url_live_returns_200" time="1.315" /><testcase classname="backend.tests.test_iteration3_player.TestStreamUrlEndpoint" name="test_stream_url_live_has_required_fields" time="0.829" /><testcase classname="backend.tests.test_iteration3_player.TestStreamUrlEndpoint" name="test_stream_url_live_contains_m3u8" time="0.914" /><testcase classname="backend.tests.test_iteration3_player.TestStreamUrlEndpoint" name="test_stream_url_movie_returns_200" time="0.644" /><testcase classname="backend.tests.test_iteration3_player.TestStreamUrlEndpoint" name="test_stream_url_movie_has_required_fields" time="0.584" /><testcase classname="backend.tests.test_iteration3_player.TestStreamUrlEndpoint" name="test_stream_url_movie_uses_container_extension" time="0.614" /></testsuite></testsuites>