<?xml version="1.0" encoding="utf-8"?><testsuites name="pytest tests"><testsuite name="pytest" errors="0" failures="0" skipped="0" tests="9" time="4.691" timestamp="2026-02-24T03:26:29.913346+00:00" hostname="agent-env-a0ec735a-b68c-4595-8599-531c4fadda4d"><testcase classname="backend.tests.test_iteration2_endpoints.TestLoginWithValidCredentials" name="test_login_success" time="0.515" /><testcase classname="backend.tests.test_iteration2_endpoints.TestRecentVodEndpoint" name="test_vod_recent_returns_200" time="0.393" /><testcase classname="backend.tests.test_iteration2_endpoints.TestRecentVodEndpoint" name="test_vod_recent_returns_list" time="0.369" /><testcase classname="backend.tests.test_iteration2_endpoints.TestRecentVodEndpoint" name="test_vod_recent_sorted_by_added_date" time="0.435" /><testcase classname="backend.tests.test_iteration2_endpoints.TestRecentSeriesEndpoint" name="test_series_recent_returns_200" time="0.264" /><testcase classname="backend.tests.test_iteration2_endpoints.TestRecentSeriesEndpoint" name="test_series_recent_returns_list" time="0.221" /><testcase classname="backend.tests.test_iteration2_endpoints.TestEpgEndpoint" name="test_epg_endpoint_returns_200" time="0.875" /><testcase classname="backend.tests.test_iteration2_endpoints.TestEpgEndpoint" name="test_epg_titles_are_decoded" time="0.857" /><testcase classname="backend.tests.test_iteration2_endpoints.TestLiveStreamsWithEpg" name="test_live_streams_have_epg_channel_ids" time="0.688" /></testsuite></testsuites>