<?xml version="1.0" encoding="utf-8"?><testsuites name="pytest tests"><testsuite name="pytest" errors="0" failures="0" skipped="0" tests="13" time="12.650" timestamp="2026-02-24T17:26:22.889435+00:00" hostname="agent-env-d5acd486-4435-4978-93e7-d6d8c7b743bf"><testcase classname="backend.tests.test_iteration5_epg_batch.TestHealthCheck" name="test_health_returns_ok" time="0.378" /><testcase classname="backend.tests.test_iteration5_epg_batch.TestEpgRouteOrdering" name="test_batch_route_not_treated_as_stream_id" time="1.085" /><testcase classname="backend.tests.test_iteration5_epg_batch.TestEpgRouteOrdering" name="test_epg_stream_id_still_works" time="0.239" /><testcase classname="backend.tests.test_iteration5_epg_batch.TestEpgBatchEndpoint" name="test_batch_epg_returns_200_with_valid_request" time="0.979" /><testcase classname="backend.tests.test_iteration5_epg_batch.TestEpgBatchEndpoint" name="test_batch_epg_returns_dict_structure" time="0.687" /><testcase classname="backend.tests.test_iteration5_epg_batch.TestEpgBatchEndpoint" name="test_batch_epg_no_503_errors" time="1.009" /><testcase classname="backend.tests.test_iteration5_epg_batch.TestEpgBatchEndpoint" name="test_batch_epg_handles_single_stream_id" time="0.401" /><testcase classname="backend.tests.test_iteration5_epg_batch.TestEpgBatchEndpoint" name="test_batch_epg_respects_20_limit" time="5.962" /><testcase classname="backend.tests.test_iteration5_epg_batch.TestEpgBatchEndpoint" name="test_batch_epg_each_entry_has_epg_listings_key" time="0.924" /><testcase classname="backend.tests.test_iteration5_epg_batch.TestEpgBatchEndpoint" name="test_batch_epg_missing_stream_ids_param" time="0.124" /><testcase classname="backend.tests.test_iteration5_epg_batch.TestEpgBatchEndpoint" name="test_batch_epg_empty_stream_ids" time="0.165" /><testcase classname="backend.tests.test_iteration5_epg_batch.TestStreamUrlEndpoint" name="test_stream_url_live" time="0.317" /><testcase classname="backend.tests.test_iteration5_epg_batch.TestStreamUrlEndpoint" name="test_stream_url_contains_stream_id" time="0.264" /></testsuite></testsuites>