<?xml version="1.0" encoding="utf-8"?><testsuites name="pytest tests"><testsuite name="pytest" errors="0" failures="0" skipped="0" tests="13" time="1.464" timestamp="2026-02-27T04:08:25.435417+00:00" hostname="agent-env-0635d32d-b859-4dda-a251-444bd5983a32"><testcase classname="backend.tests.test_iteration13_global_video_architecture.TestHealthEndpoint" name="test_health_returns_ok" time="0.229" /><testcase classname="backend.tests.test_iteration13_global_video_architecture.TestAuthEndpoint" name="test_login_with_invalid_credentials" time="0.306" /><testcase classname="backend.tests.test_iteration13_global_video_architecture.TestAuthEndpoint" name="test_login_post_endpoint_exists" time="0.277" /><testcase classname="backend.tests.test_iteration13_global_video_architecture.TestLiveEndpoints" name="test_live_categories_requires_auth_params" time="0.136" /><testcase classname="backend.tests.test_iteration13_global_video_architecture.TestLiveEndpoints" name="test_live_streams_endpoint_exists" time="0.102" /><testcase classname="backend.tests.test_iteration13_global_video_architecture.TestStreamUrlEndpoint" name="test_stream_url_endpoint_exists" time="0.123" /><testcase classname="backend.tests.test_iteration13_global_video_architecture.TestEpgBatchEndpoint" name="test_epg_batch_endpoint_exists" time="0.127" /><testcase classname="backend.tests.test_iteration13_global_video_architecture.TestFrontendCodeStructure" name="test_global_video_context_exists" time="0.000" /><testcase classname="backend.tests.test_iteration13_global_video_architecture.TestFrontendCodeStructure" name="test_global_video_player_exists" time="0.000" /><testcase classname="backend.tests.test_iteration13_global_video_architecture.TestFrontendCodeStructure" name="test_root_layout_includes_global_player" time="0.000" /><testcase classname="backend.tests.test_iteration13_global_video_architecture.TestFrontendCodeStructure" name="test_live_tsx_uses_global_video" time="0.000" /><testcase classname="backend.tests.test_iteration13_global_video_architecture.TestFrontendCodeStructure" name="test_tabs_layout_has_live_tab" time="0.000" /><testcase classname="backend.tests.test_iteration13_global_video_architecture.TestApiUtilsConfiguration" name="test_api_utils_uses_env_backend_url" time="0.000" /></testsuite></testsuites>