<?xml version="1.0" encoding="utf-8"?><testsuites name="pytest tests"><testsuite name="pytest" errors="0" failures="0" skipped="0" tests="6" time="1.507" timestamp="2026-02-24T02:57:19.786279+00:00" hostname="agent-env-a0ec735a-b68c-4595-8599-531c4fadda4d"><testcase classname="tests.test_api_endpoints.TestHealthEndpoint" name="test_health_endpoint_returns_200" time="0.182" /><testcase classname="tests.test_api_endpoints.TestHealthEndpoint" name="test_health_endpoint_response_structure" time="0.165" /><testcase classname="tests.test_api_endpoints.TestAuthEndpoint" name="test_login_with_invalid_credentials_returns_401" time="0.384" /><testcase classname="tests.test_api_endpoints.TestAuthEndpoint" name="test_login_with_empty_username_validation" time="0.235" /><testcase classname="tests.test_api_endpoints.TestAuthEndpoint" name="test_login_with_empty_password_validation" time="0.351" /><testcase classname="tests.test_api_endpoints.TestAuthEndpoint" name="test_login_with_missing_fields" time="0.131" /></testsuite></testsuites>