<?xml version="1.0" encoding="utf-8"?><testsuites name="pytest tests"><testsuite name="pytest" errors="0" failures="0" skipped="0" tests="24" time="2.982" timestamp="2026-02-27T16:32:58.642132+00:00" hostname="agent-env-21d7af13-a5f2-43dd-ad61-db26b05a0ac1"><testcase classname="backend.tests.test_iteration14_home_live_regressions.TestBackendAPIs" name="test_health_endpoint" time="0.156" /><testcase classname="backend.tests.test_iteration14_home_live_regressions.TestBackendAPIs" name="test_live_categories_endpoint" time="0.313" /><testcase classname="backend.tests.test_iteration14_home_live_regressions.TestBackendAPIs" name="test_live_streams_endpoint" time="0.244" /><testcase classname="backend.tests.test_iteration14_home_live_regressions.TestBackendAPIs" name="test_stream_url_endpoint" time="0.390" /><testcase classname="backend.tests.test_iteration14_home_live_regressions.TestBackendAPIs" name="test_epg_batch_endpoint" time="0.918" /><testcase classname="backend.tests.test_iteration14_home_live_regressions.TestBackendAPIs" name="test_user_history_post_endpoint" time="0.150" /><testcase classname="backend.tests.test_iteration14_home_live_regressions.TestBackendAPIs" name="test_user_history_get_endpoint" time="0.130" /><testcase classname="backend.tests.test_iteration14_home_live_regressions.TestBackendAPIs" name="test_user_favorites_post_endpoint" time="0.166" /><testcase classname="backend.tests.test_iteration14_home_live_regressions.TestBackendAPIs" name="test_user_favorites_get_endpoint" time="0.127" /><testcase classname="backend.tests.test_iteration14_home_live_regressions.TestHomeScreenCodeStructure" name="test_home_uses_linear_gradient" time="0.000" /><testcase classname="backend.tests.test_iteration14_home_live_regressions.TestHomeScreenCodeStructure" name="test_home_hero_card_has_live_badge" time="0.000" /><testcase classname="backend.tests.test_iteration14_home_live_regressions.TestHomeScreenCodeStructure" name="test_home_has_auto_play_logic" time="0.000" /><testcase classname="backend.tests.test_iteration14_home_live_regressions.TestHomeScreenCodeStructure" name="test_home_uses_set_stream_list" time="0.000" /><testcase classname="backend.tests.test_iteration14_home_live_regressions.TestHomeScreenCodeStructure" name="test_home_hero_card_structure" time="0.000" /><testcase classname="backend.tests.test_iteration14_home_live_regressions.TestLiveTVCodeStructure" name="test_live_uses_show_guide_state" time="0.000" /><testcase classname="backend.tests.test_iteration14_home_live_regressions.TestLiveTVCodeStructure" name="test_live_play_channel_sets_show_guide_true" time="0.000" /><testcase classname="backend.tests.test_iteration14_home_live_regressions.TestLiveTVCodeStructure" name="test_live_resets_guide_when_stream_stops" time="0.000" /><testcase classname="backend.tests.test_iteration14_home_live_regressions.TestLiveTVCodeStructure" name="test_live_view_switch_condition" time="0.000" /><testcase classname="backend.tests.test_iteration14_home_live_regressions.TestLiveTVCodeStructure" name="test_live_has_back_to_channels_button" time="0.000" /><testcase classname="backend.tests.test_iteration14_home_live_regressions.TestGlobalVideoPlayerCodeStructure" name="test_global_video_player_has_home_inline_container" time="0.000" /><testcase classname="backend.tests.test_iteration14_home_live_regressions.TestGlobalVideoPlayerCodeStructure" name="test_global_video_player_container_style_logic" time="0.000" /><testcase classname="backend.tests.test_iteration14_home_live_regressions.TestGlobalVideoPlayerCodeStructure" name="test_global_video_player_channel_up_down" time="0.000" /><testcase classname="backend.tests.test_iteration14_home_live_regressions.TestGlobalVideoPlayerCodeStructure" name="test_global_video_player_auto_mute_home" time="0.000" /><testcase classname="backend.tests.test_iteration14_home_live_regressions.TestCleanup" name="test_cleanup_test_data" time="0.254" /></testsuite></testsuites>