<?xml version="1.0" encoding="utf-8"?><testsuites name="pytest tests"><testsuite name="pytest" errors="0" failures="1" skipped="0" tests="14" time="2.128" timestamp="2026-02-24T21:12:04.121820+00:00" hostname="agent-env-c0af7fc7-f0bc-4f8d-b621-d6bc4af6f30b"><testcase classname="backend.tests.test_iteration11_fullscreen_player.TestBackendAPIs" name="test_health_endpoint" time="0.336" /><testcase classname="backend.tests.test_iteration11_fullscreen_player.TestBackendAPIs" name="test_live_categories" time="0.324" /><testcase classname="backend.tests.test_iteration11_fullscreen_player.TestBackendAPIs" name="test_live_streams" time="0.703" /><testcase classname="backend.tests.test_iteration11_fullscreen_player.TestBackendAPIs" name="test_stream_url_resolution" time="0.217" /><testcase classname="backend.tests.test_iteration11_fullscreen_player.TestBackendAPIs" name="test_live_streams_with_category_filter" time="0.462" /><testcase classname="backend.tests.test_iteration11_fullscreen_player.TestStaticCodeVerification" name="test_live_tsx_has_fullscreen_state" time="0.000" /><testcase classname="backend.tests.test_iteration11_fullscreen_player.TestStaticCodeVerification" name="test_live_tsx_fullscreen_uses_same_player" time="0.000" /><testcase classname="backend.tests.test_iteration11_fullscreen_player.TestStaticCodeVerification" name="test_live_tsx_fullscreen_controls" time="0.000" /><testcase classname="backend.tests.test_iteration11_fullscreen_player.TestStaticCodeVerification" name="test_live_tsx_orientation_listener" time="0.000" /><testcase classname="backend.tests.test_iteration11_fullscreen_player.TestStaticCodeVerification" name="test_live_tsx_backhandler" time="0.000" /><testcase classname="backend.tests.test_iteration11_fullscreen_player.TestStaticCodeVerification" name="test_live_tsx_no_player_navigation" time="0.000" /><testcase classname="backend.tests.test_iteration11_fullscreen_player.TestStaticCodeVerification" name="test_player_tsx_multiview_pauses" time="0.000" /><testcase classname="backend.tests.test_iteration11_fullscreen_player.TestStaticCodeVerification" name="test_multiview_tsx_structure" time="0.000"><failure message="AssertionError: Missing add channel buttons&#10;assert 'testID=&quot;multiview-add-' in &quot;import React, { useState, useEffect, useCallback } from 'react';\nimport {\n  View, Text, StyleSheet, TouchableOpacity, Image, Modal,\n  FlatList, ActivityIndicator, Platform, useWindowDimensions,\n} from 'react-native';\nimport { useLocalSearchParams, useRouter } from 'expo-router';\nimport { Ionicons } from '@expo/vector-icons';\nimport { useVideoPlayer, VideoView } from 'expo-video';\nimport { StatusBar } from 'expo-status-bar';\nimport * as ScreenOrientation from 'expo-screen-orientation';\nimport * as NavigationBar from 'expo-navigation-bar';\nimport { useTheme } from '../src/contexts/ThemeContext';\nimport { useAuth } from '../src/contexts/AuthContext';\nimport { api } from '../src/utils/api';\n\ninterface SlotData {\n  streamId: number;\n  streamName: string;\n  streamIcon: string;\n  streamUrl: string;\n  categoryId: string;\n}\n\nexport default function MultiviewScreen() {\n  const { colors } = useTheme();\n  const { username, password } = useAuth();\n  const router = useRouter();\n  const { width: ww, height: wh } = useWindowDimensions();\n  const isLandscape = ww &gt; wh;\n\n  const params = useLocalSearchParams&lt;{\n    streamId: string; streamName: string; streamIcon: st...Icon: {\n    position: 'absolute', top: 4, right: 4,\n    backgroundColor: 'rgba(0,0,0,0.5)', borderRadius: 10,\n    paddingHorizontal: 4, paddingVertical: 2,\n  },\n\n  // Modal\n  modalOverlay: {\n    flex: 1, backgroundColor: 'rgba(0,0,0,0.7)',\n    justifyContent: 'center', alignItems: 'center', padding: 20,\n  },\n  modalContent: {\n    width: '90%', maxWidth: 500, maxHeight: '80%',\n    borderRadius: 16, overflow: 'hidden',\n  },\n  modalHeader: {\n    flexDirection: 'row', alignItems: 'center', justifyContent: 'space-between',\n    paddingHorizontal: 16, paddingVertical: 14,\n    borderBottomWidth: 1, borderBottomColor: 'rgba(255,255,255,0.1)',\n  },\n  modalTitle: { fontSize: 17, fontWeight: '700' },\n  pickerRow: {\n    flexDirection: 'row', alignItems: 'center', gap: 12,\n    paddingHorizontal: 16, paddingVertical: 14,\n    borderBottomWidth: StyleSheet.hairlineWidth,\n  },\n  pickerRowText: { fontSize: 15 },\n  pickerIcon: { width: 32, height: 24, borderRadius: 4 },\n  pickerIconPlaceholder: {\n    width: 32, height: 24, borderRadius: 4,\n    justifyContent: 'center', alignItems: 'center',\n  },\n  emptyText: { textAlign: 'center', marginTop: 40, fontSize: 14 },\n});\n&quot;">backend/tests/test_iteration11_fullscreen_player.py:249: in test_multiview_tsx_structure
    assert 'testID="multiview-add-' in content, "Missing add channel buttons"
E   AssertionError: Missing add channel buttons
E   assert 'testID="multiview-add-' in "import React, { useState, useEffect, useCallback } from 'react';\nimport {\n  View, Text, StyleSheet, TouchableOpacity, Image, Modal,\n  FlatList, ActivityIndicator, Platform, useWindowDimensions,\n} from 'react-native';\nimport { useLocalSearchParams, useRouter } from 'expo-router';\nimport { Ionicons } from '@expo/vector-icons';\nimport { useVideoPlayer, VideoView } from 'expo-video';\nimport { StatusBar } from 'expo-status-bar';\nimport * as ScreenOrientation from 'expo-screen-orientation';\nimport * as NavigationBar from 'expo-navigation-bar';\nimport { useTheme } from '../src/contexts/ThemeContext';\nimport { useAuth } from '../src/contexts/AuthContext';\nimport { api } from '../src/utils/api';\n\ninterface SlotData {\n  streamId: number;\n  streamName: string;\n  streamIcon: string;\n  streamUrl: string;\n  categoryId: string;\n}\n\nexport default function MultiviewScreen() {\n  const { colors } = useTheme();\n  const { username, password } = useAuth();\n  const router = useRouter();\n  const { width: ww, height: wh } = useWindowDimensions();\n  const isLandscape = ww &gt; wh;\n\n  const params = useLocalSearchParams&lt;{\n    streamId: string; streamName: string; streamIcon: st...Icon: {\n    position: 'absolute', top: 4, right: 4,\n    backgroundColor: 'rgba(0,0,0,0.5)', borderRadius: 10,\n    paddingHorizontal: 4, paddingVertical: 2,\n  },\n\n  // Modal\n  modalOverlay: {\n    flex: 1, backgroundColor: 'rgba(0,0,0,0.7)',\n    justifyContent: 'center', alignItems: 'center', padding: 20,\n  },\n  modalContent: {\n    width: '90%', maxWidth: 500, maxHeight: '80%',\n    borderRadius: 16, overflow: 'hidden',\n  },\n  modalHeader: {\n    flexDirection: 'row', alignItems: 'center', justifyContent: 'space-between',\n    paddingHorizontal: 16, paddingVertical: 14,\n    borderBottomWidth: 1, borderBottomColor: 'rgba(255,255,255,0.1)',\n  },\n  modalTitle: { fontSize: 17, fontWeight: '700' },\n  pickerRow: {\n    flexDirection: 'row', alignItems: 'center', gap: 12,\n    paddingHorizontal: 16, paddingVertical: 14,\n    borderBottomWidth: StyleSheet.hairlineWidth,\n  },\n  pickerRowText: { fontSize: 15 },\n  pickerIcon: { width: 32, height: 24, borderRadius: 4 },\n  pickerIconPlaceholder: {\n    width: 32, height: 24, borderRadius: 4,\n    justifyContent: 'center', alignItems: 'center',\n  },\n  emptyText: { textAlign: 'center', marginTop: 40, fontSize: 14 },\n});\n"</failure></testcase><testcase classname="backend.tests.test_iteration11_fullscreen_player.TestStaticCodeVerification" name="test_tabs_layout_portrait_lock" time="0.000" /></testsuite></testsuites>