<?xml version="1.0" encoding="utf-8"?><testsuites name="pytest tests"><testsuite name="pytest" errors="0" failures="0" skipped="0" tests="9" time="3.484" timestamp="2026-02-24T20:53:41.517523+00:00" hostname="agent-env-c0af7fc7-f0bc-4f8d-b621-d6bc4af6f30b"><testcase classname="backend.tests.test_iteration10_regression.TestHealthEndpoint" name="test_health_returns_ok" time="0.335" /><testcase classname="backend.tests.test_iteration10_regression.TestLiveEndpoints" name="test_get_live_categories" time="0.322" /><testcase classname="backend.tests.test_iteration10_regression.TestLiveEndpoints" name="test_get_live_streams" time="0.636" /><testcase classname="backend.tests.test_iteration10_regression.TestStreamUrlEndpoint" name="test_get_stream_url" time="0.214" /><testcase classname="backend.tests.test_iteration10_regression.TestEpgEndpoints" name="test_get_epg_for_stream" time="0.328" /><testcase classname="backend.tests.test_iteration10_regression.TestFavoritesEndpoints" name="test_favorites_toggle_add" time="0.125" /><testcase classname="backend.tests.test_iteration10_regression.TestFavoritesEndpoints" name="test_favorites_get_list" time="0.268" /><testcase classname="backend.tests.test_iteration10_regression.TestFavoritesEndpoints" name="test_favorites_toggle_remove" time="0.364" /><testcase classname="backend.tests.test_iteration10_regression.TestCleanup" name="test_cleanup_test_data" time="0.832" /></testsuite></testsuites>