<?xml version="1.0" encoding="utf-8"?><testsuites name="pytest tests"><testsuite name="pytest" errors="0" failures="0" skipped="0" tests="19" time="2.406" timestamp="2026-02-25T22:30:24.618531+00:00" hostname="agent-env-c56f9faf-dab2-47b0-8f10-74917c2233de"><testcase classname="backend.tests.test_iteration12_fullscreen_verification.TestBackendAPIs" name="test_health_endpoint" time="0.312" /><testcase classname="backend.tests.test_iteration12_fullscreen_verification.TestBackendAPIs" name="test_live_categories" time="0.336" /><testcase classname="backend.tests.test_iteration12_fullscreen_verification.TestBackendAPIs" name="test_live_streams" time="0.863" /><testcase classname="backend.tests.test_iteration12_fullscreen_verification.TestBackendAPIs" name="test_stream_url_resolution" time="0.308" /><testcase classname="backend.tests.test_iteration12_fullscreen_verification.TestBackendAPIs" name="test_live_streams_with_category_filter" time="0.471" /><testcase classname="backend.tests.test_iteration12_fullscreen_verification.TestLiveTsxFullscreenImplementation" name="test_live_tsx_has_fullscreen_state" time="0.000" /><testcase classname="backend.tests.test_iteration12_fullscreen_verification.TestLiveTsxFullscreenImplementation" name="test_live_tsx_has_go_fullscreen_function" time="0.000" /><testcase classname="backend.tests.test_iteration12_fullscreen_verification.TestLiveTsxFullscreenImplementation" name="test_live_tsx_has_exit_fullscreen_function" time="0.000" /><testcase classname="backend.tests.test_iteration12_fullscreen_verification.TestLiveTsxFullscreenImplementation" name="test_live_tsx_uses_expo_av_video" time="0.000" /><testcase classname="backend.tests.test_iteration12_fullscreen_verification.TestLiveTsxFullscreenImplementation" name="test_live_tsx_has_video_testid" time="0.000" /><testcase classname="backend.tests.test_iteration12_fullscreen_verification.TestLiveTsxFullscreenImplementation" name="test_live_tsx_has_container_styles" time="0.000" /><testcase classname="backend.tests.test_iteration12_fullscreen_verification.TestLiveTsxFullscreenImplementation" name="test_live_tsx_has_fullscreen_back_button" time="0.000" /><testcase classname="backend.tests.test_iteration12_fullscreen_verification.TestLiveTsxFullscreenImplementation" name="test_live_tsx_has_screen_ratio_control" time="0.000" /><testcase classname="backend.tests.test_iteration12_fullscreen_verification.TestLiveTsxFullscreenImplementation" name="test_live_tsx_hides_tab_bar_in_fullscreen" time="0.000" /><testcase classname="backend.tests.test_iteration12_fullscreen_verification.TestLiveTsxFullscreenImplementation" name="test_live_tsx_orientation_listener" time="0.000" /><testcase classname="backend.tests.test_iteration12_fullscreen_verification.TestLiveTsxFullscreenImplementation" name="test_live_tsx_backhandler" time="0.000" /><testcase classname="backend.tests.test_iteration12_fullscreen_verification.TestLiveTsxFullscreenImplementation" name="test_live_tsx_inline_fullscreen_button" time="0.000" /><testcase classname="backend.tests.test_iteration12_fullscreen_verification.TestLiveTsxFullscreenImplementation" name="test_live_tsx_fullscreen_overlay_controls" time="0.000" /><testcase classname="backend.tests.test_iteration12_fullscreen_verification.TestTabsLayoutPortraitLock" name="test_tabs_layout_portrait_lock" time="0.000" /></testsuite></testsuites>