<?xml version="1.0" encoding="utf-8"?><testsuites name="pytest tests"><testsuite name="pytest" errors="0" failures="0" skipped="0" tests="16" time="14.867" timestamp="2026-02-24T20:24:19.619228+00:00" hostname="agent-env-c0af7fc7-f0bc-4f8d-b621-d6bc4af6f30b"><testcase classname="backend.tests.test_iteration9_favorites.TestHealthEndpoint" name="test_health_endpoint_returns_200" time="0.320" /><testcase classname="backend.tests.test_iteration9_favorites.TestFavoritesEndpoint" name="test_favorites_add_returns_added_status" time="0.454" /><testcase classname="backend.tests.test_iteration9_favorites.TestFavoritesEndpoint" name="test_favorites_toggle_removes_on_second_call" time="0.486" /><testcase classname="backend.tests.test_iteration9_favorites.TestFavoritesEndpoint" name="test_favorites_get_returns_list" time="0.628" /><testcase classname="backend.tests.test_iteration9_favorites.TestFavoritesEndpoint" name="test_favorites_no_mongodb_id_in_response" time="0.641" /><testcase classname="backend.tests.test_iteration9_favorites.TestFavoritesEndpoint" name="test_favorites_get_empty_for_unknown_user" time="0.333" /><testcase classname="backend.tests.test_iteration9_favorites.TestFavoritesEndpoint" name="test_favorites_persistence_add_then_get" time="0.648" /><testcase classname="backend.tests.test_iteration9_favorites.TestHistoryEndpoint" name="test_history_add_returns_ok" time="0.369" /><testcase classname="backend.tests.test_iteration9_favorites.TestHistoryEndpoint" name="test_history_get_returns_list" time="0.383" /><testcase classname="backend.tests.test_iteration9_favorites.TestHistoryEndpoint" name="test_history_no_mongodb_id_in_response" time="0.521" /><testcase classname="backend.tests.test_iteration9_favorites.TestHistoryEndpoint" name="test_history_upsert_updates_existing" time="0.781" /><testcase classname="backend.tests.test_iteration9_favorites.TestStreamUrlEndpoint" name="test_stream_url_live_returns_urls" time="0.331" /><testcase classname="backend.tests.test_iteration9_favorites.TestStreamUrlEndpoint" name="test_stream_url_movie_type" time="0.224" /><testcase classname="backend.tests.test_iteration9_favorites.TestStreamUrlEndpoint" name="test_stream_url_series_type" time="0.346" /><testcase classname="backend.tests.test_iteration9_favorites.TestBatchEpgEndpoint" name="test_batch_epg_returns_dict" time="2.786" /><testcase classname="backend.tests.test_iteration9_favorites.TestBatchEpgEndpoint" name="test_batch_epg_limits_to_20_streams" time="5.482" /></testsuite></testsuites>